INFO:  ANSI Code Page: 936
INFO:  latexindent.exe version 3.24.4, 2024-07-18, a script to indent .tex files
       latexindent.exe lives here: D:/XiaoZiyin/texlive/2025/bin/windows/
       Mon Jan  5 16:19:47 2026
       Filename: c:/Users/10144/Desktop/master_thesis_ziyinxiao/chapterfile/__latexindent_temp_chapter2.tex
INFO:  Processing switches:
       -c|--cruft: cruft directory
INFO:  Directory for backup files and log file c:\Users\10144\Desktop\master_thesis_ziyinxiao\indent.log:
       c:\Users\10144\Desktop\master_thesis_ziyinxiao\
INFO:  YAML settings read: defaultSettings.yaml
       Reading defaultSettings.yaml from D:/XiaoZiyin/texlive/2025/bin/windows/defaultSettings.yaml
       Reading defaultSettings.yaml (2nd attempt) from D:/XiaoZiyin/texlive/2025/bin/windows/../../texmf-dist/scripts/latexindent/defaultSettings.yaml
       and then, if necessary, D:/XiaoZiyin/texlive/2025/bin/windows/LatexIndent/defaultSettings.yaml
INFO:  YAML reading settings
       Home directory is C:\Users\10144
       latexindent.pl didn't find indentconfig.yaml or .indentconfig.yaml
       see all possible locations: https://latexindentpl.readthedocs.io/en/latest/sec-appendices.html#indentconfig-options)
INFO:  Phase 1: searching for objects
INFO:  Phase 2: finding surrounding indentation
INFO:  Phase 3: indenting objects
INFO:  Phase 4: final indentation check
INFO:  Output routine:
       Not outputting to file; see -w and -o switches for more options.
       --------------
INFO:  Please direct all communication/issues to:
        https://github.com/cmhughes/latexindent.pl
